<?xml version="1.0" encoding="UTF-8"?>
<!-- Generated by org.testng.reporters.JUnitReportReporter -->
<testsuite hostname="DESKTOP-NI032UT" failures="0" tests="2" name="Basic.TimeoutsPractice$EnabledFalsePractice" time="4.015" errors="0" timestamp="2022-08-07T17:46:11 IST" skipped="0">
  <testcase classname="Basic.TimeoutsPractice$EnabledFalsePractice" name="homePageTest" time="4.013"/>
  <system-out/>
  <testcase classname="Basic.TimeoutsPractice$EnabledFalsePractice" name="profilePageTest" time="0.002"/>
  <system-out/>
</testsuite> <!-- Basic.TimeoutsPractice$EnabledFalsePractice -->
