<?xml version="1.0" encoding="UTF-8"?>
<!-- Generated by org.testng.reporters.JUnitReportReporter -->
<testsuite hostname="DESKTOP-NI032UT" failures="0" tests="3" name="Basic.ClassAnotationsPractice" time="0.008" errors="0" timestamp="2022-08-06T08:36:11 IST" skipped="0">
  <testcase classname="Basic.ClassAnotationsPractice" name="profilePageTest" time="0.003"/>
  <system-out>
    <![CDATA[Logged in to the application
Started Testing of ProfilePage Sucessfully
Tested ProfilePage Sucessfully
Logged out from the application]]>
  </system-out>
  <testcase classname="Basic.ClassAnotationsPractice" name="homePageTest" time="0.003"/>
  <system-out>
    <![CDATA[Logged in to the application
Tested Home Page Sucessfully
Logged out from the application]]>
  </system-out>
  <testcase classname="Basic.ClassAnotationsPractice" name="notificationPageTest" time="0.002"/>
  <system-out>
    <![CDATA[Logged in to the application
Tested NotificationPage Sucessfully
Logged out from the application]]>
  </system-out>
</testsuite> <!-- Basic.ClassAnotationsPractice -->
