<?xml version="1.0" encoding="UTF-8"?>
<!-- Generated by org.testng.reporters.JUnitReportReporter -->
<testsuite hostname="DESKTOP-NI032UT" failures="0" tests="3" name="AnotationsPractice.TestCase3" time="0.011" errors="0" timestamp="2022-08-06T08:49:19 IST" skipped="0">
  <testcase classname="AnotationsPractice.TestCase3" name="m1" time="0.007"/>
  <system-out/>
  <testcase classname="AnotationsPractice.TestCase3" name="m2" time="0.002"/>
  <system-out/>
  <testcase classname="AnotationsPractice.TestCase3" name="m3" time="0.002"/>
  <system-out/>
</testsuite> <!-- AnotationsPractice.TestCase3 -->
