<?xml version="1.0" encoding="UTF-8"?>
<!-- Generated by org.testng.reporters.JUnitReportReporter -->
<testsuite hostname="DESKTOP-NI032UT" failures="0" tests="3" name="Basic.EnabledFalsePractice" time="0.010" errors="0" timestamp="2022-08-07T16:51:19 IST" skipped="1">
  <testcase classname="Basic.EnabledFalsePractice" name="homePageTest" time="0.004"/>
  <system-out/>
  <testcase classname="Basic.EnabledFalsePractice" name="homePageTest" time="0.006"/>
  <system-out/>
  <testcase classname="Basic.EnabledFalsePractice" name="profilePageTest">
    <skipped/>
  </testcase> <!-- profilePageTest -->
  <system-out/>
</testsuite> <!-- Basic.EnabledFalsePractice -->
