<?xml version="1.0" encoding="UTF-8"?>
<!-- Generated by org.testng.reporters.JUnitReportReporter -->
<testsuite hostname="DESKTOP-NI032UT" failures="0" tests="1" name="GroupingPractice.TestCase3" time="0.003" errors="0" timestamp="2022-08-09T13:45:39 IST" skipped="0">
  <testcase classname="GroupingPractice.TestCase3" name="Test7" time="0.003"/>
  <system-out/>
</testsuite> <!-- GroupingPractice.TestCase3 -->
