<?xml version="1.0" encoding="UTF-8"?>
<!-- Generated by org.testng.reporters.JUnitReportReporter -->
<testsuite hostname="DESKTOP-NI032UT" failures="0" tests="3" name="Basic.MethodAnotationsPractice" time="0.012" errors="0" timestamp="2022-08-06T08:36:11 IST" skipped="0">
  <testcase classname="Basic.MethodAnotationsPractice" name="ProfilePageTest" time="0.003"/>
  <system-out>
    <![CDATA[Login to the application
Testing Profile Page Report
Logout from the application]]>
  </system-out>
  <testcase classname="Basic.MethodAnotationsPractice" name="NotificationPageTest" time="0.003"/>
  <system-out>
    <![CDATA[Login to the application
Testing Notification Page Report
Logout from the application]]>
  </system-out>
  <testcase classname="Basic.MethodAnotationsPractice" name="HomePageTest" time="0.006"/>
  <system-out>
    <![CDATA[Login to the application
Testing HomePage Report
Logout from the application]]>
  </system-out>
</testsuite> <!-- Basic.MethodAnotationsPractice -->
