<?xml version="1.0" encoding="UTF-8"?>
<!-- Generated by org.testng.reporters.JUnitReportReporter -->
<testsuite hostname="DESKTOP-NI032UT" failures="0" tests="1" name="PomWithPageFactoryPractice.RegistrationTest" time="3.286" errors="0" timestamp="2022-08-10T17:48:08 IST" skipped="0">
  <testcase classname="PomWithPageFactoryPractice.RegistrationTest" name="FacebookRegistrationPageTest" time="3.286"/>
  <system-out/>
</testsuite> <!-- PomWithPageFactoryPractice.RegistrationTest -->
