<?xml version="1.0" encoding="UTF-8"?>
<!-- Generated by org.testng.reporters.JUnitReportReporter -->
<testsuite hostname="DESKTOP-NI032UT" failures="0" tests="3" name="AnotationsPractice.TestCase1" time="0.012" errors="0" timestamp="2022-08-06T08:45:18 IST" skipped="0">
  <testcase classname="AnotationsPractice.TestCase1" name="m1" time="0.007"/>
  <system-out/>
  <testcase classname="AnotationsPractice.TestCase1" name="m3" time="0.002"/>
  <system-out/>
  <testcase classname="AnotationsPractice.TestCase1" name="m2" time="0.003"/>
  <system-out/>
</testsuite> <!-- AnotationsPractice.TestCase1 -->
