<?xml version="1.0" encoding="UTF-8"?>
<!-- Generated by org.testng.reporters.JUnitReportReporter -->
<testsuite hostname="DESKTOP-NI032UT" failures="0" tests="3" name="Basic.Introduction" time="0.016" errors="0" timestamp="2022-08-06T08:36:11 IST" skipped="0">
  <testcase classname="Basic.Introduction" name="openurl" time="0.012"/>
  <system-out>
    <![CDATA[Open url successfuly]]>
  </system-out>
  <testcase classname="Basic.Introduction" name="login" time="0.003"/>
  <system-out>
    <![CDATA[Login Successfully]]>
  </system-out>
  <testcase classname="Basic.Introduction" name="logout" time="0.001"/>
  <system-out>
    <![CDATA[Logout successfully]]>
  </system-out>
</testsuite> <!-- Basic.Introduction -->
