<?xml version="1.0" encoding="UTF-8"?>
<!-- Generated by org.testng.reporters.JUnitReportReporter -->
<testsuite hostname="DESKTOP-NI032UT" failures="0" tests="3" name="Basic.ThreadPoolSizePractice" time="80.374" errors="0" timestamp="2022-08-07T18:45:28 IST" skipped="0">
  <testcase classname="Basic.ThreadPoolSizePractice" name="OpenBrowser" time="19.574"/>
  <system-out/>
  <testcase classname="Basic.ThreadPoolSizePractice" name="OpenBrowser" time="26.011"/>
  <system-out/>
  <testcase classname="Basic.ThreadPoolSizePractice" name="OpenBrowser" time="34.789"/>
  <system-out/>
</testsuite> <!-- Basic.ThreadPoolSizePractice -->
