<?xml version="1.0" encoding="UTF-8"?>
<!-- Generated by org.testng.reporters.JUnitReportReporter -->
<testsuite hostname="DESKTOP-NI032UT" failures="0" tests="1" name="AssertionsPractice.SoftAssertPractice" time="0.016" errors="0" timestamp="2022-08-09T16:05:21 IST" skipped="0">
  <testcase classname="AssertionsPractice.SoftAssertPractice" name="sample" time="0.016"/>
  <system-out/>
</testsuite> <!-- AssertionsPractice.SoftAssertPractice -->
