<?xml version="1.0" encoding="UTF-8"?>
<!-- Generated by org.testng.reporters.JUnitReportReporter -->
<testsuite hostname="DESKTOP-NI032UT" failures="0" tests="3" name="Basic.DependsonMethodPractice" time="0.015" errors="0" timestamp="2022-08-07T18:18:12 IST" skipped="0">
  <testcase classname="Basic.DependsonMethodPractice" name="openurl" time="0.011"/>
  <system-out/>
  <testcase classname="Basic.DependsonMethodPractice" name="login" time="0.002"/>
  <system-out/>
  <testcase classname="Basic.DependsonMethodPractice" name="logout" time="0.002"/>
  <system-out/>
</testsuite> <!-- Basic.DependsonMethodPractice -->
