<?xml version="1.0" encoding="UTF-8"?>
<!-- Generated by org.testng.reporters.JUnitReportReporter -->
<testsuite hostname="DESKTOP-NI032UT" failures="0" tests="3" name="AnotationsPractice.TestCase4" time="0.008" errors="0" timestamp="2022-08-06T08:49:19 IST" skipped="0">
  <testcase classname="AnotationsPractice.TestCase4" name="m4" time="0.004"/>
  <system-out/>
  <testcase classname="AnotationsPractice.TestCase4" name="m6" time="0.002"/>
  <system-out/>
  <testcase classname="AnotationsPractice.TestCase4" name="m5" time="0.002"/>
  <system-out/>
</testsuite> <!-- AnotationsPractice.TestCase4 -->
