<?xml version="1.0" encoding="UTF-8"?>
<!-- Generated by org.testng.reporters.JUnitReportReporter -->
<testsuite hostname="DESKTOP-NI032UT" failures="0" tests="3" name="AnotationsPractice.TestCase2" time="0.005" errors="0" timestamp="2022-08-06T08:45:17 IST" skipped="0">
  <testcase classname="AnotationsPractice.TestCase2" name="m5" time="0.003"/>
  <system-out/>
  <testcase classname="AnotationsPractice.TestCase2" name="m6" time="0.001"/>
  <system-out/>
  <testcase classname="AnotationsPractice.TestCase2" name="m4" time="0.001"/>
  <system-out/>
</testsuite> <!-- AnotationsPractice.TestCase2 -->
