<?xml version="1.0" encoding="UTF-8"?>
<!-- Generated by org.testng.reporters.JUnitReportReporter -->
<testsuite hostname="DESKTOP-JLCJDL3" failures="0" tests="5" name="Basic.InvocationCountPractice" time="0.041" errors="0" timestamp="2022-08-20T20:27:51 IST" skipped="0">
  <testcase classname="Basic.InvocationCountPractice" name="HomePageTesting" time="0.014"/>
  <system-out/>
  <testcase classname="Basic.InvocationCountPractice" name="ProfilePageTesting" time="0.004"/>
  <system-out/>
  <testcase classname="Basic.InvocationCountPractice" name="ProfilePageTesting" time="0.011"/>
  <system-out/>
  <testcase classname="Basic.InvocationCountPractice" name="HomePageTesting" time="0.008"/>
  <system-out/>
  <testcase classname="Basic.InvocationCountPractice" name="ProfilePageTesting" time="0.004"/>
  <system-out/>
</testsuite> <!-- Basic.InvocationCountPractice -->
