<?xml version="1.0" encoding="UTF-8"?>
<!-- Generated by org.testng.reporters.JUnitReportReporter -->
<testsuite hostname="DESKTOP-JLCJDL3" failures="0" tests="1" name="PomWithPageFactoryPractice.LoginPageTest" time="2.310" errors="0" timestamp="2022-08-20T20:30:06 IST" skipped="0">
  <testcase classname="PomWithPageFactoryPractice.LoginPageTest" name="facebookLoginPageTest" time="2.310"/>
  <system-out>
    <![CDATA[verifyfacebookloginpagelogo
verifyFacebookLoginPageTagline
verifyFacebookLoginPageCreateNewAccountBtn
verifyFacebookLoginPageCreatePage
verifyFacebookLoginPageFooterLinks
setFacebookLoginPageUsername
setFacebookLoginPagePassword
clickFacebookLoginPageLoginBtn]]>
  </system-out>
</testsuite> <!-- PomWithPageFactoryPractice.LoginPageTest -->
